<?xml version="1.0" encoding="UTF-8"?>
<testng-results ignored="0" total="1" passed="1" failed="0" skipped="0">
  <reporter-output>
  </reporter-output>
  <suite started-at="2024-02-09T15:56:31 IST" name="Default suite" finished-at="2024-02-09T15:56:44 IST" duration-ms="13488">
    <groups>
    </groups>
    <test started-at="2024-02-09T15:56:31 IST" name="Default test" finished-at="2024-02-09T15:56:44 IST" duration-ms="13488">
      <class name="ps1.s2.PS1_LoginTest">
        <test-method is-config="true" signature="setUp()[pri:0, instance:ps1.s2.PS1_LoginTest@6392827e]" started-at="2024-02-09T15:56:31 IST" name="setUp" finished-at="2024-02-09T15:56:33 IST" duration-ms="2048" status="PASS">
          <reporter-output>
          </reporter-output>
        </test-method> <!-- setUp -->
        <test-method signature="testLogin()[pri:0, instance:ps1.s2.PS1_LoginTest@6392827e]" started-at="2024-02-09T15:56:33 IST" name="testLogin" finished-at="2024-02-09T15:56:44 IST" duration-ms="11191" status="PASS">
          <reporter-output>
          </reporter-output>
        </test-method> <!-- testLogin -->
        <test-method is-config="true" signature="tearDown()[pri:0, instance:ps1.s2.PS1_LoginTest@6392827e]" started-at="2024-02-09T15:56:44 IST" name="tearDown" finished-at="2024-02-09T15:56:44 IST" duration-ms="212" status="PASS">
          <reporter-output>
          </reporter-output>
        </test-method> <!-- tearDown -->
      </class> <!-- ps1.s2.PS1_LoginTest -->
    </test> <!-- Default test -->
  </suite> <!-- Default suite -->
</testng-results>
